<?xml version="1.0" encoding="UTF-8"?>
<!-- Generated by org.testng.reporters.JUnitXMLReporter -->
<testsuite hostname="DESKTOP-5CGRLB0" name="Default test" tests="4" failures="0" timestamp="15 Aug 2021 16:01:13 GMT" time="15.261" errors="0">
  <testcase name="TC_001" time="4.59" classname="Assignment.Assignment"/>
  <testcase name="TC_002" time="4.295" classname="Assignment.Assignment"/>
  <testcase name="TC_015" time="2.749" classname="Assignment.Assignment"/>
  <testcase name="TC_021" time="3.549" classname="Assignment.Assignment"/>
</testsuite> <!-- Default test -->
